<?xml version="1.0" encoding="UTF-8"?>
<!-- Generated by org.testng.reporters.JUnitXMLReporter -->
<testsuite ignored="0" hostname="DESKTOP-T0QQ9KJ" failures="0" tests="13" name="BrowserTest" time="514.214" errors="0" timestamp="2023-01-14T19:34:59 IST">
  <testcase classname="com.qa.TestLayer.Test_Amazon_SignUp_Page" name="check_SignInPage" time="9.171"/>
  <testcase classname="com.qa.TestLayer.Test_Amazon_SignUp_Page" name="verify_SignIn_WithValidCredentials" time="15.682"/>
  <testcase classname="com.qa.TestLayer.Test_Amazon_SignUp_Page" name="verify_SignIn_WithValidEmailAndInvalidPassword" time="5.978"/>
  <testcase classname="com.qa.TestLayer.Test_Amazon_SignUp_Page" name="verify_SignIn_WithInvalidEmailAndValidPassword" time="5.188"/>
  <testcase classname="com.qa.TestLayer.Test_Amazon_SignUp_Page" name="check_lnk1_ConditionsOfUse" time="12.253"/>
  <testcase classname="com.qa.TestLayer.Test_Amazon_SignUp_Page" name="check_lnk1_PrivacyNotice" time="5.287"/>
  <testcase classname="com.qa.TestLayer.Test_Amazon_SignUp_Page" name="check_lnk_ForgotPassword" time="3.707"/>
  <testcase classname="com.qa.TestLayer.Test_Amazon_SignUp_Page" name="check_lnk_OtherIssues" time="5.838"/>
  <testcase classname="com.qa.TestLayer.Test_Amazon_SignUp_Page" name="check_lnk_CreateYourAmazonAccount" time="4.138"/>
  <testcase classname="com.qa.TestLayer.Test_Amazon_SignUp_Page" name="check_lnk2_ConditionsOfUse" time="7.409"/>
  <testcase classname="com.qa.TestLayer.Test_Amazon_SignUp_Page" name="check_lnk2_PrivacyNotice" time="4.191"/>
  <testcase classname="com.qa.TestLayer.Test_Amazon_SignUp_Page" name="check_lnk_Help" time="6.356"/>
  <testcase classname="com.qa.TestLayer.Test_Amazon_SignUp_Page" name="check_AmazonLogo" time="1.724"/>
</testsuite> <!-- BrowserTest -->
