<?xml version="1.0" encoding="UTF-8"?>
<testng-results ignored="0" total="13" passed="13" failed="0" skipped="0">
  <reporter-output>
  </reporter-output>
  <suite started-at="2023-01-14T19:26:24 IST" name="TestSuite" finished-at="2023-01-14T19:34:58 IST" duration-ms="514214">
    <groups>
    </groups>
    <test started-at="2023-01-14T19:26:24 IST" name="BrowserTest" finished-at="2023-01-14T19:34:58 IST" duration-ms="514214">
      <class name="com.qa.TestLayer.Test_Amazon_SignUp_Page">
        <test-method is-config="true" signature="setUp(java.lang.String)[pri:0, instance:com.qa.TestLayer.Test_Amazon_SignUp_Page@42e99e4a]" started-at="2023-01-14T19:26:24 IST" name="setUp" finished-at="2023-01-14T19:28:44 IST" duration-ms="139797" status="PASS">
          <params>
            <param index="0">
              <value>
                <![CDATA[Chrome]]>
              </value>
            </param>
          </params>
          <reporter-output>
          </reporter-output>
        </test-method> <!-- setUp -->
        <test-method signature="check_SignInPage()[pri:1, instance:com.qa.TestLayer.Test_Amazon_SignUp_Page@42e99e4a]" started-at="2023-01-14T19:28:44 IST" name="check_SignInPage" finished-at="2023-01-14T19:28:53 IST" duration-ms="9171" status="PASS">
          <reporter-output>
          </reporter-output>
        </test-method> <!-- check_SignInPage -->
        <test-method is-config="true" signature="tearDown()[pri:0, instance:com.qa.TestLayer.Test_Amazon_SignUp_Page@42e99e4a]" started-at="2023-01-14T19:28:53 IST" name="tearDown" finished-at="2023-01-14T19:28:59 IST" duration-ms="5826" status="PASS">
          <reporter-output>
          </reporter-output>
        </test-method> <!-- tearDown -->
        <test-method is-config="true" signature="setUp(java.lang.String)[pri:0, instance:com.qa.TestLayer.Test_Amazon_SignUp_Page@42e99e4a]" started-at="2023-01-14T19:28:59 IST" name="setUp" finished-at="2023-01-14T19:29:34 IST" duration-ms="34972" status="PASS">
          <params>
            <param index="0">
              <value>
                <![CDATA[Chrome]]>
              </value>
            </param>
          </params>
          <reporter-output>
          </reporter-output>
        </test-method> <!-- setUp -->
        <test-method signature="verify_SignIn_WithValidCredentials()[pri:2, instance:com.qa.TestLayer.Test_Amazon_SignUp_Page@42e99e4a]" started-at="2023-01-14T19:29:34 IST" name="verify_SignIn_WithValidCredentials" finished-at="2023-01-14T19:29:50 IST" duration-ms="15682" status="PASS">
          <reporter-output>
          </reporter-output>
        </test-method> <!-- verify_SignIn_WithValidCredentials -->
        <test-method is-config="true" signature="tearDown()[pri:0, instance:com.qa.TestLayer.Test_Amazon_SignUp_Page@42e99e4a]" started-at="2023-01-14T19:29:50 IST" name="tearDown" finished-at="2023-01-14T19:29:51 IST" duration-ms="1048" status="PASS">
          <reporter-output>
          </reporter-output>
        </test-method> <!-- tearDown -->
        <test-method is-config="true" signature="setUp(java.lang.String)[pri:0, instance:com.qa.TestLayer.Test_Amazon_SignUp_Page@42e99e4a]" started-at="2023-01-14T19:29:51 IST" name="setUp" finished-at="2023-01-14T19:30:09 IST" duration-ms="18556" status="PASS">
          <params>
            <param index="0">
              <value>
                <![CDATA[Chrome]]>
              </value>
            </param>
          </params>
          <reporter-output>
          </reporter-output>
        </test-method> <!-- setUp -->
        <test-method signature="verify_SignIn_WithValidEmailAndInvalidPassword()[pri:3, instance:com.qa.TestLayer.Test_Amazon_SignUp_Page@42e99e4a]" started-at="2023-01-14T19:30:09 IST" name="verify_SignIn_WithValidEmailAndInvalidPassword" finished-at="2023-01-14T19:30:15 IST" duration-ms="5978" status="PASS">
          <reporter-output>
          </reporter-output>
        </test-method> <!-- verify_SignIn_WithValidEmailAndInvalidPassword -->
        <test-method is-config="true" signature="tearDown()[pri:0, instance:com.qa.TestLayer.Test_Amazon_SignUp_Page@42e99e4a]" started-at="2023-01-14T19:30:15 IST" name="tearDown" finished-at="2023-01-14T19:30:16 IST" duration-ms="640" status="PASS">
          <reporter-output>
          </reporter-output>
        </test-method> <!-- tearDown -->
        <test-method is-config="true" signature="setUp(java.lang.String)[pri:0, instance:com.qa.TestLayer.Test_Amazon_SignUp_Page@42e99e4a]" started-at="2023-01-14T19:30:16 IST" name="setUp" finished-at="2023-01-14T19:30:31 IST" duration-ms="15117" status="PASS">
          <params>
            <param index="0">
              <value>
                <![CDATA[Chrome]]>
              </value>
            </param>
          </params>
          <reporter-output>
          </reporter-output>
        </test-method> <!-- setUp -->
        <test-method signature="verify_SignIn_WithInvalidEmailAndValidPassword()[pri:4, instance:com.qa.TestLayer.Test_Amazon_SignUp_Page@42e99e4a]" started-at="2023-01-14T19:30:31 IST" name="verify_SignIn_WithInvalidEmailAndValidPassword" finished-at="2023-01-14T19:30:36 IST" duration-ms="5188" status="PASS">
          <reporter-output>
          </reporter-output>
        </test-method> <!-- verify_SignIn_WithInvalidEmailAndValidPassword -->
        <test-method is-config="true" signature="tearDown()[pri:0, instance:com.qa.TestLayer.Test_Amazon_SignUp_Page@42e99e4a]" started-at="2023-01-14T19:30:36 IST" name="tearDown" finished-at="2023-01-14T19:30:37 IST" duration-ms="1158" status="PASS">
          <reporter-output>
          </reporter-output>
        </test-method> <!-- tearDown -->
        <test-method is-config="true" signature="setUp(java.lang.String)[pri:0, instance:com.qa.TestLayer.Test_Amazon_SignUp_Page@42e99e4a]" started-at="2023-01-14T19:30:37 IST" name="setUp" finished-at="2023-01-14T19:31:31 IST" duration-ms="53168" status="PASS">
          <params>
            <param index="0">
              <value>
                <![CDATA[Chrome]]>
              </value>
            </param>
          </params>
          <reporter-output>
          </reporter-output>
        </test-method> <!-- setUp -->
        <test-method signature="check_lnk1_ConditionsOfUse()[pri:5, instance:com.qa.TestLayer.Test_Amazon_SignUp_Page@42e99e4a]" started-at="2023-01-14T19:31:31 IST" name="check_lnk1_ConditionsOfUse" finished-at="2023-01-14T19:31:43 IST" duration-ms="12253" status="PASS">
          <reporter-output>
          </reporter-output>
        </test-method> <!-- check_lnk1_ConditionsOfUse -->
        <test-method is-config="true" signature="tearDown()[pri:0, instance:com.qa.TestLayer.Test_Amazon_SignUp_Page@42e99e4a]" started-at="2023-01-14T19:31:43 IST" name="tearDown" finished-at="2023-01-14T19:31:53 IST" duration-ms="9976" status="PASS">
          <reporter-output>
          </reporter-output>
        </test-method> <!-- tearDown -->
        <test-method is-config="true" signature="setUp(java.lang.String)[pri:0, instance:com.qa.TestLayer.Test_Amazon_SignUp_Page@42e99e4a]" started-at="2023-01-14T19:31:53 IST" name="setUp" finished-at="2023-01-14T19:32:19 IST" duration-ms="26117" status="PASS">
          <params>
            <param index="0">
              <value>
                <![CDATA[Chrome]]>
              </value>
            </param>
          </params>
          <reporter-output>
          </reporter-output>
        </test-method> <!-- setUp -->
        <test-method signature="check_lnk1_PrivacyNotice()[pri:6, instance:com.qa.TestLayer.Test_Amazon_SignUp_Page@42e99e4a]" started-at="2023-01-14T19:32:19 IST" name="check_lnk1_PrivacyNotice" finished-at="2023-01-14T19:32:24 IST" duration-ms="5287" status="PASS">
          <reporter-output>
          </reporter-output>
        </test-method> <!-- check_lnk1_PrivacyNotice -->
        <test-method is-config="true" signature="tearDown()[pri:0, instance:com.qa.TestLayer.Test_Amazon_SignUp_Page@42e99e4a]" started-at="2023-01-14T19:32:24 IST" name="tearDown" finished-at="2023-01-14T19:32:26 IST" duration-ms="1504" status="PASS">
          <reporter-output>
          </reporter-output>
        </test-method> <!-- tearDown -->
        <test-method is-config="true" signature="setUp(java.lang.String)[pri:0, instance:com.qa.TestLayer.Test_Amazon_SignUp_Page@42e99e4a]" started-at="2023-01-14T19:32:26 IST" name="setUp" finished-at="2023-01-14T19:32:46 IST" duration-ms="20126" status="PASS">
          <params>
            <param index="0">
              <value>
                <![CDATA[Chrome]]>
              </value>
            </param>
          </params>
          <reporter-output>
          </reporter-output>
        </test-method> <!-- setUp -->
        <test-method signature="check_lnk_ForgotPassword()[pri:7, instance:com.qa.TestLayer.Test_Amazon_SignUp_Page@42e99e4a]" started-at="2023-01-14T19:32:46 IST" name="check_lnk_ForgotPassword" finished-at="2023-01-14T19:32:50 IST" duration-ms="3707" status="PASS">
          <reporter-output>
          </reporter-output>
        </test-method> <!-- check_lnk_ForgotPassword -->
        <test-method is-config="true" signature="tearDown()[pri:0, instance:com.qa.TestLayer.Test_Amazon_SignUp_Page@42e99e4a]" started-at="2023-01-14T19:32:50 IST" name="tearDown" finished-at="2023-01-14T19:32:51 IST" duration-ms="1368" status="PASS">
          <reporter-output>
          </reporter-output>
        </test-method> <!-- tearDown -->
        <test-method is-config="true" signature="setUp(java.lang.String)[pri:0, instance:com.qa.TestLayer.Test_Amazon_SignUp_Page@42e99e4a]" started-at="2023-01-14T19:32:51 IST" name="setUp" finished-at="2023-01-14T19:33:04 IST" duration-ms="13416" status="PASS">
          <params>
            <param index="0">
              <value>
                <![CDATA[Chrome]]>
              </value>
            </param>
          </params>
          <reporter-output>
          </reporter-output>
        </test-method> <!-- setUp -->
        <test-method signature="check_lnk_OtherIssues()[pri:8, instance:com.qa.TestLayer.Test_Amazon_SignUp_Page@42e99e4a]" started-at="2023-01-14T19:33:04 IST" name="check_lnk_OtherIssues" finished-at="2023-01-14T19:33:10 IST" duration-ms="5838" status="PASS">
          <reporter-output>
          </reporter-output>
        </test-method> <!-- check_lnk_OtherIssues -->
        <test-method is-config="true" signature="tearDown()[pri:0, instance:com.qa.TestLayer.Test_Amazon_SignUp_Page@42e99e4a]" started-at="2023-01-14T19:33:10 IST" name="tearDown" finished-at="2023-01-14T19:33:11 IST" duration-ms="654" status="PASS">
          <reporter-output>
          </reporter-output>
        </test-method> <!-- tearDown -->
        <test-method is-config="true" signature="setUp(java.lang.String)[pri:0, instance:com.qa.TestLayer.Test_Amazon_SignUp_Page@42e99e4a]" started-at="2023-01-14T19:33:11 IST" name="setUp" finished-at="2023-01-14T19:33:36 IST" duration-ms="24785" status="PASS">
          <params>
            <param index="0">
              <value>
                <![CDATA[Chrome]]>
              </value>
            </param>
          </params>
          <reporter-output>
          </reporter-output>
        </test-method> <!-- setUp -->
        <test-method signature="check_lnk_CreateYourAmazonAccount()[pri:9, instance:com.qa.TestLayer.Test_Amazon_SignUp_Page@42e99e4a]" started-at="2023-01-14T19:33:36 IST" name="check_lnk_CreateYourAmazonAccount" finished-at="2023-01-14T19:33:40 IST" duration-ms="4138" status="PASS">
          <reporter-output>
          </reporter-output>
        </test-method> <!-- check_lnk_CreateYourAmazonAccount -->
        <test-method is-config="true" signature="tearDown()[pri:0, instance:com.qa.TestLayer.Test_Amazon_SignUp_Page@42e99e4a]" started-at="2023-01-14T19:33:40 IST" name="tearDown" finished-at="2023-01-14T19:33:40 IST" duration-ms="668" status="PASS">
          <reporter-output>
          </reporter-output>
        </test-method> <!-- tearDown -->
        <test-method is-config="true" signature="setUp(java.lang.String)[pri:0, instance:com.qa.TestLayer.Test_Amazon_SignUp_Page@42e99e4a]" started-at="2023-01-14T19:33:40 IST" name="setUp" finished-at="2023-01-14T19:33:56 IST" duration-ms="15540" status="PASS">
          <params>
            <param index="0">
              <value>
                <![CDATA[Chrome]]>
              </value>
            </param>
          </params>
          <reporter-output>
          </reporter-output>
        </test-method> <!-- setUp -->
        <test-method signature="check_lnk2_ConditionsOfUse()[pri:10, instance:com.qa.TestLayer.Test_Amazon_SignUp_Page@42e99e4a]" started-at="2023-01-14T19:33:56 IST" name="check_lnk2_ConditionsOfUse" finished-at="2023-01-14T19:34:03 IST" duration-ms="7409" status="PASS">
          <reporter-output>
          </reporter-output>
        </test-method> <!-- check_lnk2_ConditionsOfUse -->
        <test-method is-config="true" signature="tearDown()[pri:0, instance:com.qa.TestLayer.Test_Amazon_SignUp_Page@42e99e4a]" started-at="2023-01-14T19:34:03 IST" name="tearDown" finished-at="2023-01-14T19:34:04 IST" duration-ms="680" status="PASS">
          <reporter-output>
          </reporter-output>
        </test-method> <!-- tearDown -->
        <test-method is-config="true" signature="setUp(java.lang.String)[pri:0, instance:com.qa.TestLayer.Test_Amazon_SignUp_Page@42e99e4a]" started-at="2023-01-14T19:34:04 IST" name="setUp" finished-at="2023-01-14T19:34:17 IST" duration-ms="12827" status="PASS">
          <params>
            <param index="0">
              <value>
                <![CDATA[Chrome]]>
              </value>
            </param>
          </params>
          <reporter-output>
          </reporter-output>
        </test-method> <!-- setUp -->
        <test-method signature="check_lnk2_PrivacyNotice()[pri:11, instance:com.qa.TestLayer.Test_Amazon_SignUp_Page@42e99e4a]" started-at="2023-01-14T19:34:17 IST" name="check_lnk2_PrivacyNotice" finished-at="2023-01-14T19:34:21 IST" duration-ms="4191" status="PASS">
          <reporter-output>
          </reporter-output>
        </test-method> <!-- check_lnk2_PrivacyNotice -->
        <test-method is-config="true" signature="tearDown()[pri:0, instance:com.qa.TestLayer.Test_Amazon_SignUp_Page@42e99e4a]" started-at="2023-01-14T19:34:21 IST" name="tearDown" finished-at="2023-01-14T19:34:22 IST" duration-ms="687" status="PASS">
          <reporter-output>
          </reporter-output>
        </test-method> <!-- tearDown -->
        <test-method is-config="true" signature="setUp(java.lang.String)[pri:0, instance:com.qa.TestLayer.Test_Amazon_SignUp_Page@42e99e4a]" started-at="2023-01-14T19:34:22 IST" name="setUp" finished-at="2023-01-14T19:34:34 IST" duration-ms="12037" status="PASS">
          <params>
            <param index="0">
              <value>
                <![CDATA[Chrome]]>
              </value>
            </param>
          </params>
          <reporter-output>
          </reporter-output>
        </test-method> <!-- setUp -->
        <test-method signature="check_lnk_Help()[pri:12, instance:com.qa.TestLayer.Test_Amazon_SignUp_Page@42e99e4a]" started-at="2023-01-14T19:34:34 IST" name="check_lnk_Help" finished-at="2023-01-14T19:34:40 IST" duration-ms="6356" status="PASS">
          <reporter-output>
          </reporter-output>
        </test-method> <!-- check_lnk_Help -->
        <test-method is-config="true" signature="tearDown()[pri:0, instance:com.qa.TestLayer.Test_Amazon_SignUp_Page@42e99e4a]" started-at="2023-01-14T19:34:40 IST" name="tearDown" finished-at="2023-01-14T19:34:42 IST" duration-ms="2044" status="PASS">
          <reporter-output>
          </reporter-output>
        </test-method> <!-- tearDown -->
        <test-method is-config="true" signature="setUp(java.lang.String)[pri:0, instance:com.qa.TestLayer.Test_Amazon_SignUp_Page@42e99e4a]" started-at="2023-01-14T19:34:42 IST" name="setUp" finished-at="2023-01-14T19:34:56 IST" duration-ms="13470" status="PASS">
          <params>
            <param index="0">
              <value>
                <![CDATA[Chrome]]>
              </value>
            </param>
          </params>
          <reporter-output>
          </reporter-output>
        </test-method> <!-- setUp -->
        <test-method signature="check_AmazonLogo()[pri:13, instance:com.qa.TestLayer.Test_Amazon_SignUp_Page@42e99e4a]" started-at="2023-01-14T19:34:56 IST" name="check_AmazonLogo" finished-at="2023-01-14T19:34:57 IST" duration-ms="1724" status="PASS">
          <reporter-output>
          </reporter-output>
        </test-method> <!-- check_AmazonLogo -->
        <test-method is-config="true" signature="tearDown()[pri:0, instance:com.qa.TestLayer.Test_Amazon_SignUp_Page@42e99e4a]" started-at="2023-01-14T19:34:57 IST" name="tearDown" finished-at="2023-01-14T19:34:58 IST" duration-ms="945" status="PASS">
          <reporter-output>
          </reporter-output>
        </test-method> <!-- tearDown -->
      </class> <!-- com.qa.TestLayer.Test_Amazon_SignUp_Page -->
    </test> <!-- BrowserTest -->
  </suite> <!-- TestSuite -->
</testng-results>
